0 info it worked if it ends with ok
1 verbose cli [ 'C:\\Program Files\\nodejs\\node.exe',
1 verbose cli   'C:\\Program Files\\nodejs\\node_modules\\npm\\bin\\npm-cli.js',
1 verbose cli   'install',
1 verbose cli   '-g',
1 verbose cli   'perl' ]
2 info using npm@2.14.12
3 info using node@v4.2.4
4 verbose install initial load of C:\Users\Dustin\AppData\Roaming\npm\package.json
5 verbose readDependencies loading dependencies from C:\Users\Dustin\AppData\Roaming\npm\package.json
6 silly cache add args [ 'perl', null ]
7 verbose cache add spec perl
8 silly cache add parsed spec Result {
8 silly cache add   raw: 'perl',
8 silly cache add   scope: null,
8 silly cache add   name: 'perl',
8 silly cache add   rawSpec: '',
8 silly cache add   spec: 'latest',
8 silly cache add   type: 'tag' }
9 silly addNamed perl@latest
10 verbose addNamed "latest" is being treated as a dist-tag for perl
11 info addNameTag [ 'perl', 'latest' ]
12 silly mapToRegistry name perl
13 silly mapToRegistry using default registry
14 silly mapToRegistry registry https://registry.npmjs.org/
15 silly mapToRegistry uri https://registry.npmjs.org/perl
16 verbose addNameTag registry:https://registry.npmjs.org/perl not in flight; fetching
17 verbose request uri https://registry.npmjs.org/perl
18 verbose request no auth needed
19 info attempt registry request try #1 at 12:04:27 PM
20 verbose request id f19f95b35477f64a
21 http request GET https://registry.npmjs.org/perl
22 http 200 https://registry.npmjs.org/perl
23 verbose headers { server: 'CouchDB/1.5.0 (Erlang OTP/R16B03)',
23 verbose headers   etag: '"GAMIJEIPUAKT8SIBVUC4SOCK"',
23 verbose headers   'content-type': 'application/json',
23 verbose headers   'cache-control': 'max-age=300',
23 verbose headers   'content-length': '11889',
23 verbose headers   'accept-ranges': 'bytes',
23 verbose headers   date: 'Thu, 04 Feb 2016 20:04:17 GMT',
23 verbose headers   via: '1.1 varnish',
23 verbose headers   age: '0',
23 verbose headers   connection: 'keep-alive',
23 verbose headers   'x-served-by': 'cache-lax1435-LAX',
23 verbose headers   'x-cache': 'MISS',
23 verbose headers   'x-cache-hits': '0',
23 verbose headers   'x-timer': 'S1454616257.793592,VS0,VE52',
23 verbose headers   vary: 'Accept' }
24 silly get cb [ 200,
24 silly get   { server: 'CouchDB/1.5.0 (Erlang OTP/R16B03)',
24 silly get     etag: '"GAMIJEIPUAKT8SIBVUC4SOCK"',
24 silly get     'content-type': 'application/json',
24 silly get     'cache-control': 'max-age=300',
24 silly get     'content-length': '11889',
24 silly get     'accept-ranges': 'bytes',
24 silly get     date: 'Thu, 04 Feb 2016 20:04:17 GMT',
24 silly get     via: '1.1 varnish',
24 silly get     age: '0',
24 silly get     connection: 'keep-alive',
24 silly get     'x-served-by': 'cache-lax1435-LAX',
24 silly get     'x-cache': 'MISS',
24 silly get     'x-cache-hits': '0',
24 silly get     'x-timer': 'S1454616257.793592,VS0,VE52',
24 silly get     vary: 'Accept' } ]
25 verbose get saving perl to C:\Users\Dustin\AppData\Roaming\npm-cache\registry.npmjs.org\perl\.cache.json
26 verbose makeDirectory C:\Users\Dustin\AppData\Roaming\npm-cache creation not in flight; initializing
27 verbose makeCacheDir UID & GID are irrelevant on win32
28 silly addNameTag next cb for perl with tag latest
29 silly addNamed perl@1.5.0
30 verbose addNamed "1.5.0" is a plain semver version for perl
31 silly mapToRegistry name perl
32 silly mapToRegistry using default registry
33 silly mapToRegistry registry https://registry.npmjs.org/
34 silly mapToRegistry uri https://registry.npmjs.org/perl
35 verbose addRemoteTarball https://registry.npmjs.org/perl/-/perl-1.5.0.tgz not in flight; adding
36 verbose addRemoteTarball [ 'https://registry.npmjs.org/perl/-/perl-1.5.0.tgz',
36 verbose addRemoteTarball   'bb623fa427c357f9eb57f89c3ae9a8ef1a9f7094' ]
37 info retry fetch attempt 1 at 12:04:27 PM
38 info attempt registry request try #1 at 12:04:27 PM
39 http fetch GET https://registry.npmjs.org/perl/-/perl-1.5.0.tgz
40 http fetch 200 https://registry.npmjs.org/perl/-/perl-1.5.0.tgz
41 silly fetchAndShaCheck shasum bb623fa427c357f9eb57f89c3ae9a8ef1a9f7094
42 verbose addTmpTarball C:\Users\Dustin\AppData\Local\Temp\npm-5576-d3c76db1\registry.npmjs.org\perl\-\perl-1.5.0.tgz not in flight; adding
43 verbose addTmpTarball already have metadata; skipping unpack for perl@1.5.0
44 silly cache afterAdd perl@1.5.0
45 verbose afterAdd C:\Users\Dustin\AppData\Roaming\npm-cache\perl\1.5.0\package\package.json not in flight; writing
46 verbose afterAdd C:\Users\Dustin\AppData\Roaming\npm-cache\perl\1.5.0\package\package.json written
47 silly install resolved [ { name: 'perl',
47 silly install resolved     version: '1.5.0',
47 silly install resolved     description: 'embed Perl5 to node.js',
47 silly install resolved     main: 'index.js',
47 silly install resolved     directories: { test: 'test' },
47 silly install resolved     dependencies: {},
47 silly install resolved     devDependencies: { tap: '~0.3.1' },
47 silly install resolved     scripts:
47 silly install resolved      { test: 'tap test/*.js',
47 silly install resolved        install: 'node-gyp clean ; node-gyp configure build' },
47 silly install resolved     repository: { type: 'git', url: 'git://github.com/tokuhirom/node-perl.git' },
47 silly install resolved     keywords: [ 'perl' ],
47 silly install resolved     engines: { node: '>=0.6.x' },
47 silly install resolved     author: { name: 'Tokuhiro Matsuno' },
47 silly install resolved     license: 'MIT',
47 silly install resolved     bugs: { url: 'https://github.com/tokuhirom/node-perl/issues' },
47 silly install resolved     homepage: 'https://github.com/tokuhirom/node-perl',
47 silly install resolved     _id: 'perl@1.5.0',
47 silly install resolved     dist:
47 silly install resolved      { shasum: 'bb623fa427c357f9eb57f89c3ae9a8ef1a9f7094',
47 silly install resolved        tarball: 'http://registry.npmjs.org/perl/-/perl-1.5.0.tgz' },
47 silly install resolved     _from: 'perl@latest',
47 silly install resolved     _npmVersion: '1.3.22',
47 silly install resolved     _npmUser: { name: 'tokuhirom', email: 'tokuhirom@gmail.com' },
47 silly install resolved     maintainers: [ [Object] ],
47 silly install resolved     _shasum: 'bb623fa427c357f9eb57f89c3ae9a8ef1a9f7094',
47 silly install resolved     _resolved: 'https://registry.npmjs.org/perl/-/perl-1.5.0.tgz' } ]
48 info install perl@1.5.0 into C:\Users\Dustin\AppData\Roaming\npm
49 info installOne perl@1.5.0
50 verbose installOne of perl to C:\Users\Dustin\AppData\Roaming\npm not in flight; installing
51 verbose makeDirectory C:\Users\Dustin\AppData\Roaming\npm-cache\_locks creation not in flight; initializing
52 verbose makeCacheDir UID & GID are irrelevant on win32
53 verbose lock using C:\Users\Dustin\AppData\Roaming\npm-cache\_locks\perl-6098259552448e74.lock for C:\Users\Dustin\AppData\Roaming\npm\node_modules\perl
54 silly install write writing perl 1.5.0 to C:\Users\Dustin\AppData\Roaming\npm\node_modules\perl
55 verbose unbuild node_modules\perl
56 silly gentlyRm C:\Users\Dustin\AppData\Roaming\npm\node_modules\perl is being purged from base C:\Users\Dustin\AppData\Roaming\npm
57 verbose gentlyRm don't care about contents; nuking C:\Users\Dustin\AppData\Roaming\npm\node_modules\perl
58 verbose tar unpack C:\Users\Dustin\AppData\Roaming\npm-cache\perl\1.5.0\package.tgz
59 verbose tar unpacking to C:\Users\Dustin\AppData\Roaming\npm\node_modules\perl
60 silly gentlyRm C:\Users\Dustin\AppData\Roaming\npm\node_modules\perl is being purged
61 verbose gentlyRm don't care about contents; nuking C:\Users\Dustin\AppData\Roaming\npm\node_modules\perl
62 silly gunzTarPerm modes [ '777', '666' ]
63 silly gunzTarPerm extractEntry package.json
64 silly gunzTarPerm modified mode [ 'package.json', 420, 438 ]
65 silly gunzTarPerm extractEntry .npmignore
66 silly gunzTarPerm modified mode [ '.npmignore', 420, 438 ]
67 silly gunzTarPerm extractEntry index.js
68 silly gunzTarPerm modified mode [ 'index.js', 420, 438 ]
69 silly gunzTarPerm extractEntry HACKING.mkdn
70 silly gunzTarPerm modified mode [ 'HACKING.mkdn', 420, 438 ]
71 silly gunzTarPerm extractEntry README.mkdn
72 silly gunzTarPerm modified mode [ 'README.mkdn', 420, 438 ]
73 silly gunzTarPerm extractEntry binding.gyp
74 silly gunzTarPerm modified mode [ 'binding.gyp', 420, 438 ]
75 silly gunzTarPerm extractEntry .perl-version
76 silly gunzTarPerm modified mode [ '.perl-version', 420, 438 ]
77 silly gunzTarPerm extractEntry utils/libperl.pl
78 silly gunzTarPerm modified mode [ 'utils/libperl.pl', 420, 438 ]
79 silly gunzTarPerm extractEntry Changes
80 silly gunzTarPerm modified mode [ 'Changes', 420, 438 ]
81 silly gunzTarPerm extractEntry src/nodeutil.h
82 silly gunzTarPerm modified mode [ 'src/nodeutil.h', 420, 438 ]
83 silly gunzTarPerm extractEntry src/perl_bindings.cc
84 silly gunzTarPerm modified mode [ 'src/perl_bindings.cc', 420, 438 ]
85 silly gunzTarPerm extractEntry src/perlxsi.c
86 silly gunzTarPerm modified mode [ 'src/perlxsi.c', 420, 438 ]
87 silly gunzTarPerm extractEntry src/ppport.h
88 silly gunzTarPerm modified mode [ 'src/ppport.h', 420, 438 ]
89 silly gunzTarPerm extractEntry test/01_simple.js
90 silly gunzTarPerm modified mode [ 'test/01_simple.js', 420, 438 ]
91 silly gunzTarPerm extractEntry test/02_dynaloader.js
92 silly gunzTarPerm modified mode [ 'test/02_dynaloader.js', 420, 438 ]
93 silly gunzTarPerm extractEntry test/03_instance_method.js
94 silly gunzTarPerm modified mode [ 'test/03_instance_method.js', 420, 438 ]
95 silly gunzTarPerm extractEntry eg/lwp.js
96 silly gunzTarPerm modified mode [ 'eg/lwp.js', 420, 438 ]
97 verbose write writing to C:\Users\Dustin\AppData\Roaming\npm\node_modules\perl\package.json
98 info preinstall perl@1.5.0
99 verbose readDependencies loading dependencies from C:\Users\Dustin\AppData\Roaming\npm\node_modules\perl\package.json
100 verbose readDependencies loading dependencies from C:\Users\Dustin\AppData\Roaming\npm\node_modules\perl\package.json
101 silly install resolved []
102 verbose about to build C:\Users\Dustin\AppData\Roaming\npm\node_modules\perl
103 info build C:\Users\Dustin\AppData\Roaming\npm\node_modules\perl
104 info linkStuff perl@1.5.0
105 silly linkStuff perl@1.5.0 has C:\Users\Dustin\AppData\Roaming\npm\node_modules as its parent node_modules
106 silly linkStuff perl@1.5.0 is part of a global install
107 silly linkStuff perl@1.5.0 is installed into a global node_modules
108 silly linkStuff perl@1.5.0 is installed into the top-level global node_modules
109 verbose linkBins perl@1.5.0
110 verbose linkMans perl@1.5.0
111 verbose rebuildBundles perl@1.5.0
112 info install perl@1.5.0
113 verbose unsafe-perm in lifecycle true
114 info perl@1.5.0 Failed to exec install script
115 verbose unlock done using C:\Users\Dustin\AppData\Roaming\npm-cache\_locks\perl-6098259552448e74.lock for C:\Users\Dustin\AppData\Roaming\npm\node_modules\perl
116 verbose stack Error: perl@1.5.0 install: `node-gyp clean ; node-gyp configure build`
116 verbose stack Exit status 1
116 verbose stack     at EventEmitter.<anonymous> (C:\Program Files\nodejs\node_modules\npm\lib\utils\lifecycle.js:214:16)
116 verbose stack     at emitTwo (events.js:87:13)
116 verbose stack     at EventEmitter.emit (events.js:172:7)
116 verbose stack     at ChildProcess.<anonymous> (C:\Program Files\nodejs\node_modules\npm\lib\utils\spawn.js:24:14)
116 verbose stack     at emitTwo (events.js:87:13)
116 verbose stack     at ChildProcess.emit (events.js:172:7)
116 verbose stack     at maybeClose (internal/child_process.js:818:16)
116 verbose stack     at Process.ChildProcess._handle.onexit (internal/child_process.js:211:5)
117 verbose pkgid perl@1.5.0
118 verbose cwd C:\Users\Dustin\Documents\GitHub\agate
119 error Windows_NT 10.0.10586
120 error argv "C:\\Program Files\\nodejs\\node.exe" "C:\\Program Files\\nodejs\\node_modules\\npm\\bin\\npm-cli.js" "install" "-g" "perl"
121 error node v4.2.4
122 error npm  v2.14.12
123 error code ELIFECYCLE
124 error perl@1.5.0 install: `node-gyp clean ; node-gyp configure build`
124 error Exit status 1
125 error Failed at the perl@1.5.0 install script 'node-gyp clean ; node-gyp configure build'.
125 error This is most likely a problem with the perl package,
125 error not with npm itself.
125 error Tell the author that this fails on your system:
125 error     node-gyp clean ; node-gyp configure build
125 error You can get their info via:
125 error     npm owner ls perl
125 error There is likely additional logging output above.
126 verbose exit [ 1, true ]
127 verbose unbuild node_modules\perl
128 info preuninstall perl@1.5.0
129 info uninstall perl@1.5.0
130 verbose unbuild rmStuff perl@1.5.0 from C:\Users\Dustin\AppData\Roaming\npm\node_modules
131 info postuninstall perl@1.5.0
132 silly gentlyRm C:\Users\Dustin\AppData\Roaming\npm\node_modules\perl is being purged from base C:\Users\Dustin\AppData\Roaming\npm
133 verbose gentlyRm don't care about contents; nuking C:\Users\Dustin\AppData\Roaming\npm\node_modules\perl
134 silly vacuum-fs purging C:\Users\Dustin\AppData\Roaming\npm\node_modules\perl
135 silly vacuum-fs quitting because other entries in C:\Users\Dustin\AppData\Roaming\npm\node_modules
